[LOG] System::create                           : Header version = 2.01.09. Current version = 2.01.09.
[LOG] Manager::init                            : maxchannels = 256 studioflags = 00000006 flags 00000000 extradriverdata 0000000000000000.
[LOG] SystemI::init                            : Initialize version=20109 (115889), maxchannels=256, flags=0x00020000
[LOG] SystemI::setOutputInternal               : Setting output to 'FMOD WASAPI Output'
[LOG] OutputWASAPI::init                       : Mix Format (WAVEFORMATEX): wFormatTag=0xFFFE, nChannels=8, nSamplesPerSec=48000, nAvgBytesPerSec=1536000, nBlockAlign=32, wBitsPerSample=32, cbSize=22.
[LOG] OutputWASAPI::init                       : Mix Format (WAVEFORMATEXTENSIBLE): wValidBitsPerSample=32, dwChannelMask=0x0000063F, SubFormat=00000003-0000-0010-8000-00AA00389B71.
[LOG] OutputWASAPI::init                       : Output buffer size: 4096 samples, latency: 0.00ms, period: 10.00ms, DSP buffer: 1024 * 4
[LOG] DownMix::init                            : dspbuffersize: 1024  rate: 48000. output speaker mode: 7, input speaker mode 3
[LOG] DownMix::init                            : done.
[LOG] Thread::initThread                       : Init FMOD stream thread. Affinity: 0x8000000000000003, Priority: 0xFFFF7FFB, Stack Size: 98304, Semaphore: No, Sleep Time: 10, Looping: Yes.
[LOG] Thread::initThread                       : Init FMOD mixer thread. Affinity: 0x8000000000000001, Priority: 0xFFFF7FFA, Stack Size: 81920, Semaphore: No, Sleep Time: 0, Looping: Yes.
[LOG] AsyncManager::init                       : manager 0000023AFA89D108 isAsync 0 updatePeriod 0.02
[LOG] AsyncManager::init                       : done
[LOG] PlaybackSystem::init                     : 
[LOG] Thread::initThread                       : Init FMOD Studio sample load thread. Affinity: 0x8000000000000003, Priority: 0xFFFF7FFD, Stack Size: 98304, Semaphore: No, Sleep Time: 1, Looping: No.
[LOG] PlaybackSystem::init                     : done
[LOG] Thread::initThread                       : Init FMOD Studio bank load thread. Affinity: 0x8000000000000003, Priority: 0xFFFF7FFD, Stack Size: 98304, Semaphore: No, Sleep Time: 1, Looping: No.
[LOG] Manager::init                            : done.
[LOG] Manager::readBank                        : fileversion = 125, compatVersion = 119 (oldest = 44, newest = 135)
[LOG] Manager::readBank                        : fileversion = 125, compatVersion = 119 (oldest = 44, newest = 135)
[LOG] SoundI::release                          : 307680-PM-OF-Designed-Soundscape-LOOP-32 (0000023A4B13DD68)
[LOG] SoundI::release                          :     307680-PM-OF-Designed-Soundscape-LOOP-32 (0000023AB0FA6EB8)
[LOG] SoundI::release                          :     307680-PM-OF-Designed-Soundscape-LOOP-32 (0000023AF3CC3DF8)
[LOG] SoundI::release                          : 307681-PM-OF-Designed-Soundscape-LOOP-4 (0000023A4B13DF18)
[LOG] SoundI::release                          :     307681-PM-OF-Designed-Soundscape-LOOP-4 (0000023AB0FA64F8)
[LOG] SoundI::release                          :     307681-PM-OF-Designed-Soundscape-LOOP-4 (0000023AF3CC13C8)
[LOG] SoundI::release                          : 337584-Horror_accent_-sci-fi_soundscape_-soul_factory (0000023843C23088)
[LOG] SoundI::release                          :     337584-Horror_accent_-sci-fi_soundscape_-soul_factory (0000023AB0FA6698)
[LOG] SoundI::release                          :     337584-Horror_accent_-sci-fi_soundscape_-soul_factory (0000023AF3CC1068)
[LOG] SoundI::release                          :  (00000238441DD2A8)
[LOG] SoundI::release                          :     space_2 (0000023AB0FA4FD8)
[LOG] SoundI::release                          :  (00000238441DD868)
[LOG] SoundI::release                          :     space_3 (0000023AB0FA2738)
[LOG] SoundI::release                          :  (00000238441DD588)
[LOG] SoundI::release                          :     space_4 (0000023AB0FA5178)
[LOG] SoundI::release                          :  (00000238441DDB48)
[LOG] SoundI::release                          :     space_5 (0000023AB0FA6358)
[LOG] Thread::callback                         : FMOD Studio update thread finished.
[LOG] Thread::callback                         : FMOD Studio bank load thread finished.
[LOG] Profile::disconnectAll                   : Profiler disconnecting all clients
[LOG] Thread::callback                         : FMOD Studio sample load thread finished.
[LOG] LiveUpdate::release                      : 
[LOG] LiveUpdate::reset                        : Reset connection (reason Disconnected)
[LOG] Thread::callback                         : FMOD stream thread finished.
[LOG] Thread::callback                         : FMOD mixer thread finished.
[LOG] Profile::disconnectAll                   : Profiler disconnecting all clients
[LOG] SystemI::close                           : Closed.
